===============================
num_rate : 6
num_genre : 25
num_director : 2186
num_actor : 8030
embedding_dim : 32
first_fc_hidden_dim : 64
second_fc_hidden_dim : 64
num_gender : 2
num_age : 7
num_occupation : 21
num_zipcode : 3402
use_cuda : True
inner : 3
lr : 5e-05
local_lr : 5e-06
batch_size : 32
num_epoch : 20
num_candidate : 20
Epoch 0 Loss: 15.561296463012695
Task user_and_item_cold_state, NDCG1:  0.7169, nDCG3:  0.7482 NDCG5:  0.7852, nDCG10:  0.9086
==============================

Task user_and_item_cold_state, NDCG1:  0.7169, nDCG3:  0.7482 NDCG5:  0.7852, nDCG10:  0.9086
Better value: 0.7168741355463346 Save!
Epoch 1 Loss: 15.510451316833496
Task user_and_item_cold_state, NDCG1:  0.7152, nDCG3:  0.7535 NDCG5:  0.7890, nDCG10:  0.9096
==============================

Task user_and_item_cold_state, NDCG1:  0.7152, nDCG3:  0.7535 NDCG5:  0.7890, nDCG10:  0.9096
Epoch 2 Loss: 15.432443618774414
Task user_and_item_cold_state, NDCG1:  0.7812, nDCG3:  0.7954 NDCG5:  0.8210, nDCG10:  0.9254
==============================

Task user_and_item_cold_state, NDCG1:  0.7812, nDCG3:  0.7954 NDCG5:  0.8210, nDCG10:  0.9254
Better value: 0.7812125403411709 Save!
Epoch 3 Loss: 15.316662788391113
Task user_and_item_cold_state, NDCG1:  0.7952, nDCG3:  0.8018 NDCG5:  0.8257, nDCG10:  0.9276
==============================

Task user_and_item_cold_state, NDCG1:  0.7952, nDCG3:  0.8018 NDCG5:  0.8257, nDCG10:  0.9276
Better value: 0.7951821115721531 Save!
Epoch 4 Loss: 15.027560234069824
Task user_and_item_cold_state, NDCG1:  0.7964, nDCG3:  0.8028 NDCG5:  0.8253, nDCG10:  0.9279
==============================

Task user_and_item_cold_state, NDCG1:  0.7964, nDCG3:  0.8028 NDCG5:  0.8253, nDCG10:  0.9279
Better value: 0.7963577685569386 Save!
Epoch 5 Loss: 14.536147117614746
Task user_and_item_cold_state, NDCG1:  0.7946, nDCG3:  0.8016 NDCG5:  0.8245, nDCG10:  0.9275
==============================

Task user_and_item_cold_state, NDCG1:  0.7946, nDCG3:  0.8016 NDCG5:  0.8245, nDCG10:  0.9275
Epoch 6 Loss: 14.032567977905273
Task user_and_item_cold_state, NDCG1:  0.7899, nDCG3:  0.8001 NDCG5:  0.8240, nDCG10:  0.9269
==============================

Task user_and_item_cold_state, NDCG1:  0.7899, nDCG3:  0.8001 NDCG5:  0.8240, nDCG10:  0.9269
Epoch 7 Loss: 13.612204551696777
Task user_and_item_cold_state, NDCG1:  0.7911, nDCG3:  0.8004 NDCG5:  0.8230, nDCG10:  0.9268
==============================

Task user_and_item_cold_state, NDCG1:  0.7911, nDCG3:  0.8004 NDCG5:  0.8230, nDCG10:  0.9268
Epoch 8 Loss: 13.269089698791504
Task user_and_item_cold_state, NDCG1:  0.7894, nDCG3:  0.7992 NDCG5:  0.8231, nDCG10:  0.9264
==============================

Task user_and_item_cold_state, NDCG1:  0.7894, nDCG3:  0.7992 NDCG5:  0.8231, nDCG10:  0.9264
Epoch 9 Loss: 13.01125717163086
Task user_and_item_cold_state, NDCG1:  0.7912, nDCG3:  0.7982 NDCG5:  0.8231, nDCG10:  0.9266
==============================

Task user_and_item_cold_state, NDCG1:  0.7912, nDCG3:  0.7982 NDCG5:  0.8231, nDCG10:  0.9266
Epoch 10 Loss: 12.71477222442627
Task user_and_item_cold_state, NDCG1:  0.7923, nDCG3:  0.7976 NDCG5:  0.8227, nDCG10:  0.9264
==============================

Task user_and_item_cold_state, NDCG1:  0.7923, nDCG3:  0.7976 NDCG5:  0.8227, nDCG10:  0.9264
Epoch 11 Loss: 12.416730880737305
Task user_and_item_cold_state, NDCG1:  0.7861, nDCG3:  0.7957 NDCG5:  0.8207, nDCG10:  0.9256
==============================

Task user_and_item_cold_state, NDCG1:  0.7861, nDCG3:  0.7957 NDCG5:  0.8207, nDCG10:  0.9256
Epoch 12 Loss: 12.117989540100098
