===============================
num_rate : 6
num_genre : 25
num_director : 2186
num_actor : 8030
embedding_dim : 32
first_fc_hidden_dim : 64
second_fc_hidden_dim : 64
num_gender : 2
num_age : 7
num_occupation : 21
num_zipcode : 3402
use_cuda : True
inner : 5
lr : 5e-05
local_lr : 5e-06
batch_size : 32
num_epoch : 20
num_candidate : 20
Epoch 0 Loss: 15.711017608642578
Task user_and_item_cold_state, NDCG1:  0.7086, nDCG3:  0.7470 NDCG5:  0.7862, nDCG10:  0.9078
==============================

Task user_and_item_cold_state, NDCG1:  0.7086, nDCG3:  0.7470 NDCG5:  0.7862, nDCG10:  0.9078
Better value: 0.7085984324573535 Save!
Epoch 1 Loss: 15.663856506347656
Task user_and_item_cold_state, NDCG1:  0.7791, nDCG3:  0.7944 NDCG5:  0.8204, nDCG10:  0.9247
==============================

Task user_and_item_cold_state, NDCG1:  0.7791, nDCG3:  0.7944 NDCG5:  0.8204, nDCG10:  0.9247
Better value: 0.7790917473490088 Save!
Epoch 2 Loss: 15.594955444335938
Task user_and_item_cold_state, NDCG1:  0.7817, nDCG3:  0.7975 NDCG5:  0.8269, nDCG10:  0.9265
==============================

Task user_and_item_cold_state, NDCG1:  0.7817, nDCG3:  0.7975 NDCG5:  0.8269, nDCG10:  0.9265
Better value: 0.7817196864914708 Save!
Epoch 3 Loss: 15.513949394226074
Task user_and_item_cold_state, NDCG1:  0.7978, nDCG3:  0.8078 NDCG5:  0.8322, nDCG10:  0.9296
==============================

Task user_and_item_cold_state, NDCG1:  0.7978, nDCG3:  0.8078 NDCG5:  0.8322, nDCG10:  0.9296
Better value: 0.797810050714615 Save!
Epoch 4 Loss: 15.350704193115234
Task user_and_item_cold_state, NDCG1:  0.8024, nDCG3:  0.8072 NDCG5:  0.8303, nDCG10:  0.9298
==============================

Task user_and_item_cold_state, NDCG1:  0.8024, nDCG3:  0.8072 NDCG5:  0.8303, nDCG10:  0.9298
Better value: 0.8023743660673122 Save!
Epoch 5 Loss: 15.076847076416016
Task user_and_item_cold_state, NDCG1:  0.7932, nDCG3:  0.8024 NDCG5:  0.8271, nDCG10:  0.9281
==============================

Task user_and_item_cold_state, NDCG1:  0.7932, nDCG3:  0.8024 NDCG5:  0.8271, nDCG10:  0.9281
Epoch 6 Loss: 14.699801445007324
Task user_and_item_cold_state, NDCG1:  0.7918, nDCG3:  0.8006 NDCG5:  0.8248, nDCG10:  0.9274
==============================

Task user_and_item_cold_state, NDCG1:  0.7918, nDCG3:  0.8006 NDCG5:  0.8248, nDCG10:  0.9274
Epoch 7 Loss: 14.246442794799805
Task user_and_item_cold_state, NDCG1:  0.7823, nDCG3:  0.7977 NDCG5:  0.8228, nDCG10:  0.9261
==============================

Task user_and_item_cold_state, NDCG1:  0.7823, nDCG3:  0.7977 NDCG5:  0.8228, nDCG10:  0.9261
Epoch 8 Loss: 13.732735633850098
Task user_and_item_cold_state, NDCG1:  0.7753, nDCG3:  0.7932 NDCG5:  0.8208, nDCG10:  0.9248
==============================

Task user_and_item_cold_state, NDCG1:  0.7753, nDCG3:  0.7932 NDCG5:  0.8208, nDCG10:  0.9248
