loading from [movielens/ml-1m]
95281 interactions for training
dataset is ready to go
loading adjacency matrix
successfully loaded...
don't split the matrix
loading adjacency matrix
============ Config ===============
num_rate : 6
num_genre : 25
num_director : 2186
num_actor : 8030
embedding_dim : 32
first_fc_hidden_dim : 64
second_fc_hidden_dim : 64
num_gender : 2
num_age : 7
num_occupation : 21
num_zipcode : 3402
use_cuda : True
inner : 20
lr : 0.0005
local_lr : 5e-06
batch_size : 32
num_epoch : 100
gcn_layer_number : 3
Epoch 0 Loss: 47.5575065612793
